[22.10.2020 23:15:42 INFO: "GET / HTTP/1.1" 200 736
[22.10.2020 23:15:42 INFO: "GET /static/2020-10-101010110002/js/blog.js HTTP/1.1" 200 0
[22.10.2020 23:15:42 INFO: "GET /static/2020-10-101010110002/css/blog.css HTTP/1.1" 200 420
[22.10.2020 23:15:42 WARNING: "GET /favicon.ico HTTP/1.1" 404 3760
[22.10.2020 23:15:48 INFO: "GET / HTTP/1.1" 200 736
[22.10.2020 23:16:02 INFO: "GET / HTTP/1.1" 200 736
[22.10.2020 23:17:39 ERROR: "GET / HTTP/1.1" 500 156777
[22.10.2020 23:20:09 INFO: "GET / HTTP/1.1" 200 5053
[22.10.2020 23:20:09 WARNING: "GET /static/2020-10-101010110002/css/application.css HTTP/1.1" 404 1839
[22.10.2020 23:20:09 INFO: "GET /static/2020-10-101010110002/plugins/animate/animate.min.css HTTP/1.1" 200 58129
[22.10.2020 23:20:09 INFO: "GET /static/2020-10-101010110002/plugins/bootstrap/css/bootstrap.min.css HTTP/1.1" 200 159515
[22.10.2020 23:20:09 INFO: "GET /static/2020-10-101010110002/plugins/font-awesome/css/fontawesome-all.min.css HTTP/1.1" 200 35359
[22.10.2020 23:20:09 INFO: "GET /static/2020-10-101010110002/plugins/popper/popper.min.js HTTP/1.1" 200 19187
[22.10.2020 23:20:09 INFO: "GET /static/2020-10-101010110002/css/style.css HTTP/1.1" 200 198458
[22.10.2020 23:20:09 INFO: "GET /static/2020-10-101010110002/plugins/metismenu/jquery.metisMenu.js HTTP/1.1" 200 13090
[22.10.2020 23:20:09 INFO: "GET /static/2020-10-101010110002/plugins/bootstrap/js/bootstrap.min.js HTTP/1.1" 200 60010
[22.10.2020 23:20:09 INFO: "GET /static/2020-10-101010110002/plugins/jQuery/jquery-3.4.1.min.js HTTP/1.1" 200 88145
[22.10.2020 23:20:09 INFO: "GET /static/2020-10-101010110002/plugins/slimscroll/jquery.slimscroll.js HTTP/1.1" 200 13831
[22.10.2020 23:20:09 INFO: "GET /static/2020-10-101010110002/js/inspinia.js HTTP/1.1" 200 8915
[22.10.2020 23:20:09 INFO: "GET /static/2020-10-101010110002/plugins/pace/pace.min.js HTTP/1.1" 200 12507
[22.10.2020 23:20:13 INFO: "GET /static/2020-10-101010110002/css/patterns/4.png HTTP/1.1" 200 11104
[22.10.2020 23:20:14 INFO: "GET /static/2020-10-101010110002/plugins/font-awesome/webfonts/fa-solid-900.woff2 HTTP/1.1" 200 40148
[22.10.2020 23:20:28 INFO: "GET /logout/ HTTP/1.1" 302 0
[22.10.2020 23:20:29 INFO: "GET /login/ HTTP/1.1" 200 95365
[22.10.2020 23:20:29 INFO: "GET /static/2020-10-101010110002/wagtailadmin/css/normalize.css?v=49f3d1ce HTTP/1.1" 200 2359
[22.10.2020 23:20:29 INFO: "GET /static/2020-10-101010110002/wagtailadmin/css/vendor/jquery.tagit.css?v=49f3d1ce HTTP/1.1" 200 832
[22.10.2020 23:20:29 INFO: "GET /static/2020-10-101010110002/wagtailadmin/js/vendor/modernizr-2.6.2.min.js?v=49f3d1ce HTTP/1.1" 200 10583
[22.10.2020 23:20:29 INFO: "GET /static/2020-10-101010110002/wagtailadmin/css/vendor/jquery-ui/jquery-ui-1.10.3.verdant.css?v=49f3d1ce HTTP/1.1" 200 26887
[22.10.2020 23:20:29 INFO: "GET /static/2020-10-101010110002/wagtailadmin/css/layouts/login.css?v=49f3d1ce HTTP/1.1" 200 1894
[22.10.2020 23:20:29 INFO: "GET /static/2020-10-101010110002/wagtailadmin/css/core.css?v=49f3d1ce HTTP/1.1" 200 84915
[22.10.2020 23:20:30 INFO: "GET /static/2020-10-101010110002/wagtailadmin/js/vendor/bootstrap-transition.js?v=49f3d1ce HTTP/1.1" 200 2087
[22.10.2020 23:20:30 INFO: "GET /static/2020-10-101010110002/wagtailadmin/js/vendor/jquery.autosize.js?v=49f3d1ce HTTP/1.1" 200 5571
[22.10.2020 23:20:30 INFO: "GET /static/2020-10-101010110002/wagtailadmin/js/vendor/bootstrap-modal.js?v=49f3d1ce HTTP/1.1" 200 7031
[22.10.2020 23:20:30 INFO: "GET /static/2020-10-101010110002/wagtailadmin/js/vendor/jquery.datetimepicker.js?v=49f3d1ce HTTP/1.1" 200 110564
[22.10.2020 23:20:30 INFO: "GET /static/2020-10-101010110002/wagtailadmin/js/vendor/jquery-3.5.1.min.js?v=49f3d1ce HTTP/1.1" 200 89476
[22.10.2020 23:20:30 INFO: "GET /static/2020-10-101010110002/wagtailadmin/js/vendor/tag-it.js?v=49f3d1ce HTTP/1.1" 200 21946
[22.10.2020 23:20:30 INFO: "GET /static/2020-10-101010110002/wagtailadmin/js/vendor/bootstrap-tab.js?v=49f3d1ce HTTP/1.1" 200 3563
[22.10.2020 23:20:30 INFO: "GET /static/2020-10-101010110002/wagtailadmin/js/core.js?v=49f3d1ce HTTP/1.1" 200 18634
[22.10.2020 23:20:30 INFO: "GET /static/2020-10-101010110002/wagtailadmin/js/vendor/jquery-ui-1.12.1.min.js?v=49f3d1ce HTTP/1.1" 200 253669
[22.10.2020 23:20:30 INFO: "GET /static/2020-10-101010110002/wagtailadmin/js/wagtailadmin.js?v=49f3d1ce HTTP/1.1" 200 61132
[22.10.2020 23:20:30 INFO: "GET /static/2020-10-101010110002/wagtailadmin/js/vendor.js?v=49f3d1ce HTTP/1.1" 200 224689
[22.10.2020 23:20:30 INFO: "GET /static/2020-10-101010110002/wagtailadmin/fonts/opensans-regular.woff2 HTTP/1.1" 200 68812
[22.10.2020 23:20:30 INFO: "GET /static/2020-10-101010110002/wagtailadmin/fonts/wagtail.woff HTTP/1.1" 200 24408
[22.10.2020 23:20:30 INFO: "GET /static/2020-10-101010110002/wagtailadmin/fonts/opensans-light.woff2 HTTP/1.1" 200 65728
[22.10.2020 23:20:36 INFO: "GET /admin/ HTTP/1.1" 302 0
[22.10.2020 23:20:36 INFO: "GET /admin/login/?next=/admin/ HTTP/1.1" 200 95188
[22.10.2020 23:20:37 INFO: "GET /static/2020-10-101010110002/wagtailadmin/images/favicon.ico?v=49f3d1ce HTTP/1.1" 200 2666
[22.10.2020 23:20:43 INFO: "GET /django-admin/login/?next=/admin/ HTTP/1.1" 200 95142
[22.10.2020 23:20:48 INFO: "GET /admin/login/?next=/admin/ HTTP/1.1" 200 95188
[22.10.2020 23:21:14 INFO: "GET /admin/login/?next=/admin/ HTTP/1.1" 200 95134
[22.10.2020 23:21:17 INFO: "GET /cms/login/?next=/admin/ HTTP/1.1" 200 95178
[22.10.2020 23:21:21 INFO: "POST /cms/login/ HTTP/1.1" 302 0
[22.10.2020 23:21:22 INFO: "GET /admin/ HTTP/1.1" 200 9229
[22.10.2020 23:21:22 INFO: "GET /static/2020-10-101010110002/admin/css/dashboard.css HTTP/1.1" 200 380
[22.10.2020 23:21:22 INFO: "GET /static/2020-10-101010110002/admin/css/base.css HTTP/1.1" 200 16307
[22.10.2020 23:21:22 INFO: "GET /static/2020-10-101010110002/admin/css/nav_sidebar.css HTTP/1.1" 200 2138
[22.10.2020 23:21:22 INFO: "GET /static/2020-10-101010110002/admin/css/fonts.css HTTP/1.1" 200 423
[22.10.2020 23:21:22 INFO: "GET /static/2020-10-101010110002/admin/js/nav_sidebar.js HTTP/1.1" 200 1360
[22.10.2020 23:21:22 INFO: "GET /static/2020-10-101010110002/admin/css/responsive.css HTTP/1.1" 200 18294
[22.10.2020 23:21:22 INFO: "GET /static/2020-10-101010110002/admin/img/icon-addlink.svg HTTP/1.1" 200 331
[22.10.2020 23:21:22 INFO: "GET /static/2020-10-101010110002/admin/img/icon-changelink.svg HTTP/1.1" 200 380
[22.10.2020 23:21:23 INFO: "GET /static/2020-10-101010110002/admin/fonts/Roboto-Light-webfont.woff HTTP/1.1" 200 85692
[22.10.2020 23:21:23 INFO: "GET /static/2020-10-101010110002/admin/fonts/Roboto-Bold-webfont.woff HTTP/1.1" 200 86184
[22.10.2020 23:21:23 INFO: "GET /static/2020-10-101010110002/admin/fonts/Roboto-Regular-webfont.woff HTTP/1.1" 200 85876
[22.10.2020 23:21:31 INFO: "GET /cms/ HTTP/1.1" 200 102759
[22.10.2020 23:21:31 INFO: "GET /static/2020-10-101010110002/wagtailadmin/css/layouts/home.css?v=49f3d1ce HTTP/1.1" 200 2404
[22.10.2020 23:21:31 INFO: "GET /static/2020-10-101010110002/wagtailadmin/css/layouts/page-editor.css?v=49f3d1ce HTTP/1.1" 200 8638
[22.10.2020 23:21:31 INFO: "GET /static/2020-10-101010110002/wagtailadmin/images/default-user-avatar.png?v=49f3d1ce HTTP/1.1" 200 1665
[22.10.2020 23:21:31 INFO: "GET /static/2020-10-101010110002/wagtailadmin/fonts/opensans-bold.woff2 HTTP/1.1" 200 69428
[22.10.2020 23:21:31 INFO: "GET /static/2020-10-101010110002/wagtailadmin/fonts/opensans-semibold.woff2 HTTP/1.1" 200 69508
[22.10.2020 23:21:31 INFO: "GET /static/2020-10-101010110002/wagtailadmin/fonts/robotoslab-regular.woff2 HTTP/1.1" 200 87596
[22.10.2020 23:21:38 INFO: "GET /cms/logout/ HTTP/1.1" 302 0
[22.10.2020 23:21:38 INFO: "GET /cms/login/ HTTP/1.1" 200 95445
[22.10.2020 23:21:43 INFO: "POST /cms/login/ HTTP/1.1" 302 0
[22.10.2020 23:21:43 INFO: "GET /cms/ HTTP/1.1" 200 102759
[22.10.2020 23:21:52 INFO: "GET /cms/api/main/pages/?child_of=1&for_explorer=1 HTTP/1.1" 200 986
[22.10.2020 23:21:54 INFO: "GET /cms/pages/3/ HTTP/1.1" 200 107122
[22.10.2020 23:21:54 INFO: "GET /static/2020-10-101010110002/wagtailadmin/js/privacy-switch.js?v=49f3d1ce HTTP/1.1" 200 2470
[22.10.2020 23:21:54 INFO: "GET /static/2020-10-101010110002/wagtailadmin/js/modal-workflow.js?v=49f3d1ce HTTP/1.1" 200 3695
[22.10.2020 23:21:59 INFO: "GET /cms/pages/3/privacy/ HTTP/1.1" 200 3462
[22.10.2020 23:22:04 INFO: "POST /cms/pages/3/privacy/ HTTP/1.1" 200 48
[22.10.2020 23:22:07 INFO: "GET /cms/pages/3/add_subpage/ HTTP/1.1" 200 102100
[22.10.2020 23:22:10 INFO: "GET /cms/pages/add/content/contentindexpage/3/ HTTP/1.1" 200 113752
[22.10.2020 23:22:10 INFO: "GET /static/2020-10-101010110002/wagtailadmin/js/expanding_formset.js?v=49f3d1ce HTTP/1.1" 200 1172
[22.10.2020 23:22:10 INFO: "GET /static/2020-10-101010110002/wagtailadmin/js/page-editor.js?v=49f3d1ce HTTP/1.1" 200 13183
[22.10.2020 23:22:10 INFO: "GET /static/2020-10-101010110002/wagtailadmin/js/vendor/mousetrap.min.js?v=49f3d1ce HTTP/1.1" 200 4696
[22.10.2020 23:22:10 INFO: "GET /static/2020-10-101010110002/wagtailadmin/js/vendor/urlify.js?v=49f3d1ce HTTP/1.1" 200 8985
[22.10.2020 23:22:10 INFO: "GET /static/2020-10-101010110002/wagtailadmin/js/vendor/xregexp.min.js?v=49f3d1ce HTTP/1.1" 200 62474
[22.10.2020 23:22:10 INFO: "GET /static/2020-10-101010110002/wagtailadmin/js/lock-unlock-action.js?v=49f3d1ce HTTP/1.1" 200 1161
[22.10.2020 23:22:10 INFO: "GET /static/2020-10-101010110002/wagtailadmin/js/workflow-status.js?v=49f3d1ce HTTP/1.1" 200 272
[22.10.2020 23:22:10 INFO: "GET /static/2020-10-101010110002/wagtailadmin/js/vendor/rangy-core.js?v=49f3d1ce HTTP/1.1" 200 47643
[22.10.2020 23:22:10 INFO: "GET /static/2020-10-101010110002/wagtailadmin/js/workflow-action.js?v=49f3d1ce HTTP/1.1" 200 4268
[22.10.2020 23:22:10 INFO: "GET /static/2020-10-101010110002/wagtailadmin/js/vendor/bootstrap-tooltip.js?v=49f3d1ce HTTP/1.1" 200 11928
[22.10.2020 23:22:11 INFO: "GET /static/2020-10-101010110002/wagtailadmin/js/date-time-chooser.js?v=49f3d1ce HTTP/1.1" 200 3046
[22.10.2020 23:22:17 INFO: "POST /cms/pages/add/content/contentindexpage/3/ HTTP/1.1" 302 0
[22.10.2020 23:22:18 INFO: "GET /cms/pages/4/edit/ HTTP/1.1" 200 116909
[22.10.2020 23:22:22 INFO: "POST /cms/pages/4/edit/ HTTP/1.1" 302 0
[22.10.2020 23:22:23 INFO: "GET /cms/pages/3/ HTTP/1.1" 200 111879
[22.10.2020 23:22:25 INFO: "GET /cms/pages/3/add_subpage/ HTTP/1.1" 302 0
[22.10.2020 23:22:26 INFO: "GET /cms/pages/add/content/contenttagindexpage/3/ HTTP/1.1" 200 113761
[22.10.2020 23:22:42 INFO: "POST /cms/pages/add/content/contenttagindexpage/3/ HTTP/1.1" 302 0
[22.10.2020 23:22:43 INFO: "GET /cms/pages/3/ HTTP/1.1" 200 115464
[22.10.2020 23:22:46 INFO: "GET /cms/pages/4/add_subpage/ HTTP/1.1" 302 0
[22.10.2020 23:22:47 INFO: "GET /cms/pages/add/content/contentpage/4/ HTTP/1.1" 200 126127
[22.10.2020 23:22:47 INFO: "GET /static/2020-10-101010110002/wagtailadmin/css/panels/draftail.css?v=49f3d1ce HTTP/1.1" 200 11532
[22.10.2020 23:22:47 INFO: "GET /static/2020-10-101010110002/wagtailimages/js/image-chooser.js?v=49f3d1ce HTTP/1.1" 200 1188
[22.10.2020 23:22:47 INFO: "GET /static/2020-10-101010110002/wagtailimages/js/image-chooser-modal.js?v=49f3d1ce HTTP/1.1" 200 5213
[22.10.2020 23:22:47 INFO: "GET /static/2020-10-101010110002/wagtailadmin/js/draftail.js?v=49f3d1ce HTTP/1.1" 200 272559
[22.10.2020 23:22:48 INFO: "GET /static/2020-10-101010110002/wagtailadmin/css/vendor/jquery-ui/images/ui-bg_flat_100_ffffff_40x100.png HTTP/1.1" 200 208
[22.10.2020 23:22:58 INFO: "GET /cms/tag-autocomplete/?term=P HTTP/1.1" 200 2
[22.10.2020 23:23:00 INFO: "GET /cms/tag-autocomplete/?term=T HTTP/1.1" 200 2
[22.10.2020 23:23:06 INFO: "GET /cms/snippets/ HTTP/1.1" 200 102244
[22.10.2020 23:23:09 INFO: "GET /cms/snippets/content/contentcategory/ HTTP/1.1" 200 102045
[22.10.2020 23:23:09 INFO: "GET /static/2020-10-101010110002/wagtailsnippets/js/snippet-multiple-select.js?v=49f3d1ce HTTP/1.1" 200 3203
[22.10.2020 23:23:11 INFO: "GET /cms/snippets/content/contentcategory/add/ HTTP/1.1" 200 104462
[22.10.2020 23:23:14 INFO: "POST /cms/snippets/content/contentcategory/add/ HTTP/1.1" 302 0
[22.10.2020 23:23:15 INFO: "GET /cms/snippets/content/contentcategory/ HTTP/1.1" 200 104462
[22.10.2020 23:23:17 INFO: "GET /cms/snippets/content/contentcategory/add/ HTTP/1.1" 200 104462
[22.10.2020 23:23:21 INFO: "POST /cms/snippets/content/contentcategory/add/ HTTP/1.1" 302 0
[22.10.2020 23:23:22 INFO: "GET /cms/snippets/content/contentcategory/ HTTP/1.1" 200 105624
[22.10.2020 23:23:24 INFO: "GET /cms/snippets/ HTTP/1.1" 200 102244
[22.10.2020 23:23:26 INFO: "GET /cms/snippets/content/contentdirection/ HTTP/1.1" 200 102050
[22.10.2020 23:23:28 INFO: "GET /cms/snippets/content/contentdirection/add/ HTTP/1.1" 200 104464
[22.10.2020 23:23:31 INFO: "POST /cms/snippets/content/contentdirection/add/ HTTP/1.1" 302 0
[22.10.2020 23:23:32 INFO: "GET /cms/snippets/content/contentdirection/ HTTP/1.1" 200 104477
[22.10.2020 23:23:33 INFO: "GET /cms/snippets/ HTTP/1.1" 200 102244
[22.10.2020 23:23:35 INFO: "GET /cms/snippets/content/contentimportance/ HTTP/1.1" 200 102059
[22.10.2020 23:23:36 INFO: "GET /cms/snippets/content/contentimportance/add/ HTTP/1.1" 200 104467
[22.10.2020 23:23:41 INFO: "POST /cms/snippets/content/contentimportance/add/ HTTP/1.1" 302 0
[22.10.2020 23:23:42 INFO: "GET /cms/snippets/content/contentimportance/ HTTP/1.1" 200 104484
[22.10.2020 23:23:43 INFO: "GET /cms/snippets/ HTTP/1.1" 200 102244
[22.10.2020 23:23:44 INFO: "GET /cms/snippets/content/contenttype/ HTTP/1.1" 200 102005
[22.10.2020 23:23:47 INFO: "GET /cms/snippets/content/contenttype/add/ HTTP/1.1" 200 104449
[22.10.2020 23:23:49 INFO: "POST /cms/snippets/content/contenttype/add/ HTTP/1.1" 302 0
[22.10.2020 23:23:49 INFO: "GET /cms/snippets/content/contenttype/ HTTP/1.1" 200 104406
[22.10.2020 23:23:53 INFO: "GET /cms/pages/add/content/contentpage/4/ HTTP/1.1" 200 126481
[22.10.2020 23:24:02 INFO: "GET /cms/tag-autocomplete/?term=test HTTP/1.1" 200 2
[22.10.2020 23:24:28 INFO: "POST /cms/pages/add/content/contentpage/4/ HTTP/1.1" 302 0
[22.10.2020 23:24:28 INFO: "GET /cms/pages/4/ HTTP/1.1" 200 111848
[22.10.2020 23:24:31 INFO: "GET /content-index-page/title/ HTTP/1.1" 200 13597
[22.10.2020 23:24:32 WARNING: "GET /static/2020-10-101010110002/css/application.css HTTP/1.1" 404 1839
[22.10.2020 23:24:32 INFO: "GET /static/2020-10-101010110002/plugins/blueimp/css/blueimp-gallery.min.css HTTP/1.1" 200 6815
[22.10.2020 23:24:32 INFO: "GET /static/2020-10-101010110002/plugins/blueimp/js/jquery.blueimp-gallery.min.js HTTP/1.1" 200 31564
[22.10.2020 23:24:32 INFO: "GET /static/2020-10-101010110002/css/patterns/header-profile.png HTTP/1.1" 200 5877
[22.10.2020 23:24:35 INFO: "GET /tags/?tag=test HTTP/1.1" 200 6172
[22.10.2020 23:24:35 WARNING: "GET /static/2020-10-101010110002/css/application.css HTTP/1.1" 404 1839
[22.10.2020 23:24:41 INFO: "GET /content-index-page/title/ HTTP/1.1" 200 13597
[22.10.2020 23:24:41 WARNING: "GET /static/2020-10-101010110002/css/application.css HTTP/1.1" 404 1839
[22.10.2020 23:24:46 INFO: "GET /search/?query=title HTTP/1.1" 200 7542
[22.10.2020 23:24:46 WARNING: "GET /static/2020-10-101010110002/css/application.css HTTP/1.1" 404 1839
[22.10.2020 23:24:51 INFO: "GET /search/?query=body HTTP/1.1" 200 6707
[22.10.2020 23:24:51 WARNING: "GET /static/2020-10-101010110002/css/application.css HTTP/1.1" 404 1839
[22.10.2020 23:27:19 INFO: "GET /cms/pages/search/?q=body HTTP/1.1" 200 102375
[22.10.2020 23:27:19 INFO: "GET /static/2020-10-101010110002/wagtailadmin/css/normalize.css?v=49f3d1ce HTTP/1.1" 304 0
[22.10.2020 23:27:19 INFO: "GET /static/2020-10-101010110002/wagtailadmin/js/vendor/modernizr-2.6.2.min.js?v=49f3d1ce HTTP/1.1" 304 0
[22.10.2020 23:27:19 INFO: "GET /static/2020-10-101010110002/wagtailadmin/css/vendor/jquery-ui/jquery-ui-1.10.3.verdant.css?v=49f3d1ce HTTP/1.1" 304 0
[22.10.2020 23:27:19 INFO: "GET /static/2020-10-101010110002/wagtailadmin/css/vendor/jquery.tagit.css?v=49f3d1ce HTTP/1.1" 304 0
[22.10.2020 23:27:19 INFO: "GET /static/2020-10-101010110002/wagtailadmin/css/core.css?v=49f3d1ce HTTP/1.1" 304 0
[22.10.2020 23:27:19 INFO: "GET /static/2020-10-101010110002/wagtailadmin/js/vendor/jquery-ui-1.12.1.min.js?v=49f3d1ce HTTP/1.1" 304 0
[22.10.2020 23:27:19 INFO: "GET /static/2020-10-101010110002/wagtailadmin/js/vendor/jquery-3.5.1.min.js?v=49f3d1ce HTTP/1.1" 304 0
[22.10.2020 23:27:19 INFO: "GET /static/2020-10-101010110002/wagtailadmin/js/vendor/bootstrap-transition.js?v=49f3d1ce HTTP/1.1" 304 0
[22.10.2020 23:27:19 INFO: "GET /static/2020-10-101010110002/wagtailadmin/js/vendor/jquery.datetimepicker.js?v=49f3d1ce HTTP/1.1" 304 0
[22.10.2020 23:27:19 INFO: "GET /static/2020-10-101010110002/wagtailadmin/js/vendor/jquery.autosize.js?v=49f3d1ce HTTP/1.1" 304 0
[22.10.2020 23:27:19 INFO: "GET /static/2020-10-101010110002/wagtailadmin/js/vendor/bootstrap-tab.js?v=49f3d1ce HTTP/1.1" 304 0
[22.10.2020 23:27:19 INFO: "GET /static/2020-10-101010110002/wagtailadmin/js/vendor/tag-it.js?v=49f3d1ce HTTP/1.1" 304 0
[22.10.2020 23:27:19 INFO: "GET /static/2020-10-101010110002/wagtailadmin/js/vendor.js?v=49f3d1ce HTTP/1.1" 304 0
[22.10.2020 23:27:19 INFO: "GET /static/2020-10-101010110002/wagtailadmin/js/vendor/bootstrap-modal.js?v=49f3d1ce HTTP/1.1" 304 0
[22.10.2020 23:27:19 INFO: "GET /static/2020-10-101010110002/wagtailadmin/js/wagtailadmin.js?v=49f3d1ce HTTP/1.1" 304 0
[22.10.2020 23:27:19 INFO: "GET /static/2020-10-101010110002/wagtailadmin/js/core.js?v=49f3d1ce HTTP/1.1" 304 0
[22.10.2020 23:27:19 INFO: "GET /static/2020-10-101010110002/wagtailadmin/images/default-user-avatar.png?v=49f3d1ce HTTP/1.1" 304 0
[22.10.2020 23:27:19 INFO: "GET /static/2020-10-101010110002/wagtailadmin/fonts/opensans-light.woff2 HTTP/1.1" 304 0
[22.10.2020 23:27:19 INFO: "GET /static/2020-10-101010110002/wagtailadmin/fonts/opensans-bold.woff2 HTTP/1.1" 304 0
[22.10.2020 23:27:19 INFO: "GET /static/2020-10-101010110002/wagtailadmin/fonts/wagtail.woff HTTP/1.1" 304 0
[22.10.2020 23:27:19 INFO: "GET /static/2020-10-101010110002/wagtailadmin/fonts/opensans-regular.woff2 HTTP/1.1" 304 0
[22.10.2020 23:27:19 INFO: "GET /static/2020-10-101010110002/wagtailadmin/fonts/opensans-semibold.woff2 HTTP/1.1" 304 0
[22.10.2020 23:27:26 INFO: "GET /cms/pages/search/?q=hom HTTP/1.1" 200 7083
[22.10.2020 23:27:26 INFO: "GET /cms/pages/search/?q=home HTTP/1.1" 200 108757
[22.10.2020 23:27:31 INFO: "GET /cms/pages/search/?q=title HTTP/1.1" 200 108534
[22.10.2020 23:27:36 INFO: "GET /cms/pages/search/?q=body HTTP/1.1" 200 709
[22.10.2020 23:27:37 INFO: "GET /cms/pages/search/?q=body HTTP/1.1" 200 102375
[23.10.2020 12:14:16 INFO: "GET / HTTP/1.1" 200 5053
[23.10.2020 12:14:16 WARNING: "GET /static/2020-10-101010110002/css/application.css HTTP/1.1" 404 1839
[23.10.2020 12:14:16 INFO: "GET /static/2020-10-101010110002/css/patterns/4.png HTTP/1.1" 200 11104
[23.10.2020 12:14:17 WARNING: "GET /favicon.ico HTTP/1.1" 404 3751
[23.10.2020 12:14:58 INFO: "GET /cms HTTP/1.1" 301 0
[23.10.2020 12:14:58 INFO: "GET /cms/ HTTP/1.1" 302 0
[23.10.2020 12:15:00 INFO: "GET /cms/login/?next=/cms/ HTTP/1.1" 200 95176
[23.10.2020 12:15:00 INFO: "GET /static/2020-10-101010110002/wagtailadmin/js/vendor/modernizr-2.6.2.min.js?v=49f3d1ce HTTP/1.1" 304 0
[23.10.2020 12:15:00 INFO: "GET /static/2020-10-101010110002/wagtailadmin/css/normalize.css?v=49f3d1ce HTTP/1.1" 304 0
[23.10.2020 12:15:00 INFO: "GET /static/2020-10-101010110002/wagtailadmin/css/vendor/jquery.tagit.css?v=49f3d1ce HTTP/1.1" 304 0
[23.10.2020 12:15:00 INFO: "GET /static/2020-10-101010110002/wagtailadmin/css/core.css?v=49f3d1ce HTTP/1.1" 304 0
[23.10.2020 12:15:00 INFO: "GET /static/2020-10-101010110002/wagtailadmin/css/vendor/jquery-ui/jquery-ui-1.10.3.verdant.css?v=49f3d1ce HTTP/1.1" 304 0
[23.10.2020 12:15:00 INFO: "GET /static/2020-10-101010110002/wagtailadmin/css/layouts/login.css?v=49f3d1ce HTTP/1.1" 304 0
[23.10.2020 12:15:00 INFO: "GET /static/2020-10-101010110002/wagtailadmin/js/vendor/jquery.datetimepicker.js?v=49f3d1ce HTTP/1.1" 304 0
[23.10.2020 12:15:00 INFO: "GET /static/2020-10-101010110002/wagtailadmin/js/vendor/jquery-3.5.1.min.js?v=49f3d1ce HTTP/1.1" 304 0
[23.10.2020 12:15:00 INFO: "GET /static/2020-10-101010110002/wagtailadmin/js/vendor/jquery-ui-1.12.1.min.js?v=49f3d1ce HTTP/1.1" 304 0
[23.10.2020 12:15:00 INFO: "GET /static/2020-10-101010110002/wagtailadmin/js/vendor/jquery.autosize.js?v=49f3d1ce HTTP/1.1" 304 0
[23.10.2020 12:15:00 INFO: "GET /static/2020-10-101010110002/wagtailadmin/js/vendor/bootstrap-transition.js?v=49f3d1ce HTTP/1.1" 304 0
[23.10.2020 12:15:00 INFO: "GET /static/2020-10-101010110002/wagtailadmin/js/vendor/bootstrap-tab.js?v=49f3d1ce HTTP/1.1" 304 0
[23.10.2020 12:15:00 INFO: "GET /static/2020-10-101010110002/wagtailadmin/js/vendor/bootstrap-modal.js?v=49f3d1ce HTTP/1.1" 304 0
[23.10.2020 12:15:00 INFO: "GET /static/2020-10-101010110002/wagtailadmin/js/vendor/tag-it.js?v=49f3d1ce HTTP/1.1" 304 0
[23.10.2020 12:15:00 INFO: "GET /static/2020-10-101010110002/wagtailadmin/js/core.js?v=49f3d1ce HTTP/1.1" 304 0
[23.10.2020 12:15:00 INFO: "GET /static/2020-10-101010110002/wagtailadmin/js/vendor.js?v=49f3d1ce HTTP/1.1" 304 0
[23.10.2020 12:15:00 INFO: "GET /static/2020-10-101010110002/wagtailadmin/js/wagtailadmin.js?v=49f3d1ce HTTP/1.1" 304 0
[23.10.2020 12:15:01 INFO: "GET /static/2020-10-101010110002/wagtailadmin/fonts/wagtail.woff HTTP/1.1" 304 0
[23.10.2020 12:15:01 INFO: "GET /static/2020-10-101010110002/wagtailadmin/fonts/opensans-light.woff2 HTTP/1.1" 304 0
[23.10.2020 12:15:01 INFO: "GET /static/2020-10-101010110002/wagtailadmin/fonts/opensans-regular.woff2 HTTP/1.1" 304 0
[23.10.2020 12:15:04 INFO: "POST /cms/login/ HTTP/1.1" 302 0
[23.10.2020 12:15:05 INFO: "GET /cms/ HTTP/1.1" 200 102759
[23.10.2020 12:15:05 INFO: "GET /static/2020-10-101010110002/wagtailadmin/css/layouts/home.css?v=49f3d1ce HTTP/1.1" 304 0
[23.10.2020 12:15:05 INFO: "GET /static/2020-10-101010110002/wagtailadmin/css/layouts/page-editor.css?v=49f3d1ce HTTP/1.1" 304 0
[23.10.2020 12:15:05 INFO: "GET /static/2020-10-101010110002/wagtailadmin/images/default-user-avatar.png?v=49f3d1ce HTTP/1.1" 304 0
[23.10.2020 12:15:05 INFO: "GET /static/2020-10-101010110002/wagtailadmin/fonts/opensans-semibold.woff2 HTTP/1.1" 304 0
[23.10.2020 12:15:05 INFO: "GET /static/2020-10-101010110002/wagtailadmin/fonts/opensans-bold.woff2 HTTP/1.1" 304 0
[23.10.2020 12:15:05 INFO: "GET /static/2020-10-101010110002/wagtailadmin/fonts/robotoslab-regular.woff2 HTTP/1.1" 200 87596
[23.10.2020 12:15:12 INFO: "GET /cms/api/main/pages/?child_of=1&for_explorer=1 HTTP/1.1" 200 986
[23.10.2020 12:15:14 INFO: "GET /cms/pages/3/ HTTP/1.1" 200 107122
[23.10.2020 12:15:14 INFO: "GET /static/2020-10-101010110002/wagtailadmin/js/modal-workflow.js?v=49f3d1ce HTTP/1.1" 304 0
[23.10.2020 12:15:14 INFO: "GET /static/2020-10-101010110002/wagtailadmin/js/privacy-switch.js?v=49f3d1ce HTTP/1.1" 200 2470
[23.10.2020 12:15:16 INFO: "GET /cms/pages/3/add_subpage/ HTTP/1.1" 200 102100
[23.10.2020 12:15:20 INFO: "GET /cms/pages/add/content/contentindexpage/3/ HTTP/1.1" 200 113752
[23.10.2020 12:15:20 INFO: "GET /static/2020-10-101010110002/wagtailadmin/js/vendor/rangy-core.js?v=49f3d1ce HTTP/1.1" 304 0
[23.10.2020 12:15:20 INFO: "GET /static/2020-10-101010110002/wagtailadmin/js/vendor/mousetrap.min.js?v=49f3d1ce HTTP/1.1" 304 0
[23.10.2020 12:15:20 INFO: "GET /static/2020-10-101010110002/wagtailadmin/js/expanding_formset.js?v=49f3d1ce HTTP/1.1" 304 0
[23.10.2020 12:15:20 INFO: "GET /static/2020-10-101010110002/wagtailadmin/js/vendor/xregexp.min.js?v=49f3d1ce HTTP/1.1" 304 0
[23.10.2020 12:15:20 INFO: "GET /static/2020-10-101010110002/wagtailadmin/js/workflow-action.js?v=49f3d1ce HTTP/1.1" 304 0
[23.10.2020 12:15:20 INFO: "GET /static/2020-10-101010110002/wagtailadmin/js/vendor/urlify.js?v=49f3d1ce HTTP/1.1" 304 0
[23.10.2020 12:15:20 INFO: "GET /static/2020-10-101010110002/wagtailadmin/js/page-editor.js?v=49f3d1ce HTTP/1.1" 304 0
[23.10.2020 12:15:20 INFO: "GET /static/2020-10-101010110002/wagtailadmin/js/workflow-status.js?v=49f3d1ce HTTP/1.1" 304 0
[23.10.2020 12:15:20 INFO: "GET /static/2020-10-101010110002/wagtailadmin/js/lock-unlock-action.js?v=49f3d1ce HTTP/1.1" 304 0
[23.10.2020 12:15:20 INFO: "GET /static/2020-10-101010110002/wagtailadmin/js/vendor/bootstrap-tooltip.js?v=49f3d1ce HTTP/1.1" 304 0
[23.10.2020 12:15:20 INFO: "GET /static/2020-10-101010110002/wagtailadmin/js/date-time-chooser.js?v=49f3d1ce HTTP/1.1" 200 3046
[23.10.2020 12:15:33 INFO: "POST /cms/pages/add/content/contentindexpage/3/ HTTP/1.1" 302 0
[23.10.2020 12:15:34 INFO: "GET /cms/pages/3/ HTTP/1.1" 200 111760
[23.10.2020 12:15:40 INFO: "GET /cms/pages/4/add_subpage/ HTTP/1.1" 302 0
[23.10.2020 12:15:42 INFO: "GET /cms/pages/add/content/contentpage/4/ HTTP/1.1" 200 126127
[23.10.2020 12:15:42 INFO: "GET /static/2020-10-101010110002/wagtailadmin/css/panels/draftail.css?v=49f3d1ce HTTP/1.1" 304 0
[23.10.2020 12:15:42 INFO: "GET /static/2020-10-101010110002/wagtailimages/js/image-chooser.js?v=49f3d1ce HTTP/1.1" 200 1188
[23.10.2020 12:15:42 INFO: "GET /static/2020-10-101010110002/wagtailimages/js/image-chooser-modal.js?v=49f3d1ce HTTP/1.1" 200 5213
[23.10.2020 12:15:42 INFO: "GET /static/2020-10-101010110002/wagtailadmin/js/draftail.js?v=49f3d1ce HTTP/1.1" 200 272559
[23.10.2020 12:15:42 INFO: "GET /static/2020-10-101010110002/wagtailadmin/css/vendor/jquery-ui/images/ui-bg_flat_100_ffffff_40x100.png HTTP/1.1" 200 208
[23.10.2020 12:16:03 INFO: "GET /cms/tag-autocomplete/?term=Fig HTTP/1.1" 200 2
[23.10.2020 12:16:03 INFO: "GET /cms/tag-autocomplete/?term=Figth HTTP/1.1" 200 2
[23.10.2020 12:16:04 INFO: "GET /cms/tag-autocomplete/?term=Figth HTTP/1.1" 200 2
[23.10.2020 12:16:05 INFO: "GET /cms/tag-autocomplete/?term=Fig HTTP/1.1" 200 2
[23.10.2020 12:16:06 INFO: "GET /cms/tag-autocomplete/?term=Fight HTTP/1.1" 200 2
[23.10.2020 12:16:08 INFO: "GET /cms/snippets/ HTTP/1.1" 200 102244
[23.10.2020 12:16:15 INFO: "GET /cms/snippets/content/contentcategory/ HTTP/1.1" 200 102045
[23.10.2020 12:16:15 INFO: "GET /static/2020-10-101010110002/wagtailsnippets/js/snippet-multiple-select.js?v=49f3d1ce HTTP/1.1" 200 3203
[23.10.2020 12:16:18 INFO: "GET /cms/snippets/content/contentcategory/add/ HTTP/1.1" 200 104462
[23.10.2020 12:16:26 INFO: "POST /cms/snippets/content/contentcategory/add/ HTTP/1.1" 302 0
[23.10.2020 12:16:26 INFO: "GET /cms/snippets/content/contentcategory/ HTTP/1.1" 200 104489
[23.10.2020 12:16:28 INFO: "GET /cms/snippets/ HTTP/1.1" 200 102244
[23.10.2020 12:16:29 INFO: "GET /cms/snippets/content/contentdirection/ HTTP/1.1" 200 102050
[23.10.2020 12:16:31 INFO: "GET /cms/snippets/content/contentdirection/add/ HTTP/1.1" 200 104464
[23.10.2020 12:16:37 INFO: "POST /cms/snippets/content/contentdirection/add/ HTTP/1.1" 302 0
[23.10.2020 12:16:37 INFO: "GET /cms/snippets/content/contentdirection/ HTTP/1.1" 200 104501
[23.10.2020 12:16:39 INFO: "GET /cms/snippets/ HTTP/1.1" 200 102244
[23.10.2020 12:16:40 INFO: "GET /cms/snippets/content/contentimportance/ HTTP/1.1" 200 102059
[23.10.2020 12:16:42 INFO: "GET /cms/snippets/content/contentimportance/add/ HTTP/1.1" 200 104467
[23.10.2020 12:16:50 INFO: "POST /cms/snippets/content/contentimportance/add/ HTTP/1.1" 302 0
[23.10.2020 12:16:50 INFO: "GET /cms/snippets/content/contentimportance/ HTTP/1.1" 200 104517
[23.10.2020 12:16:54 INFO: "GET /cms/snippets/ HTTP/1.1" 200 102244
[23.10.2020 12:16:55 INFO: "GET /cms/snippets/content/contenttype/ HTTP/1.1" 200 102005
[23.10.2020 12:16:58 INFO: "GET /cms/snippets/content/contenttype/add/ HTTP/1.1" 200 104449
[23.10.2020 12:17:09 INFO: "POST /cms/snippets/content/contenttype/add/ HTTP/1.1" 302 0
[23.10.2020 12:17:09 INFO: "GET /cms/snippets/content/contenttype/ HTTP/1.1" 200 104421
[23.10.2020 12:17:15 INFO: "GET /cms/pages/add/content/contentpage/4/ HTTP/1.1" 200 126386
[23.10.2020 12:17:28 INFO: "GET /cms/tag-autocomplete/?term=Fi HTTP/1.1" 200 2
[23.10.2020 12:17:30 INFO: "GET /cms/tag-autocomplete/?term=Check HTTP/1.1" 200 2
[23.10.2020 12:17:48 INFO: "POST /cms/pages/add/content/contentpage/4/ HTTP/1.1" 302 0
[23.10.2020 12:17:49 INFO: "GET /cms/pages/4/ HTTP/1.1" 200 111726
[23.10.2020 12:17:52 INFO: "GET /content-index-page/first/ HTTP/1.1" 200 13623
[23.10.2020 12:17:52 WARNING: "GET /static/2020-10-101010110002/css/application.css HTTP/1.1" 404 1839
[23.10.2020 12:17:52 INFO: "GET /static/2020-10-101010110002/plugins/blueimp/css/blueimp-gallery.min.css HTTP/1.1" 200 6815
[23.10.2020 12:17:53 INFO: "GET /static/2020-10-101010110002/plugins/blueimp/js/jquery.blueimp-gallery.min.js HTTP/1.1" 200 31564
[23.10.2020 12:17:53 INFO: "GET /static/2020-10-101010110002/css/patterns/header-profile.png HTTP/1.1" 200 5877
[23.10.2020 12:18:01 INFO: "GET / HTTP/1.1" 200 9234
[23.10.2020 12:18:02 WARNING: "GET /static/2020-10-101010110002/css/application.css HTTP/1.1" 404 1839
[23.10.2020 12:18:02 INFO: "GET /static/2020-10-101010110002/images/no_image.png HTTP/1.1" 200 23635
[23.10.2020 12:18:07 INFO: "GET /search/?query=first HTTP/1.1" 200 7535
[23.10.2020 12:18:07 WARNING: "GET /static/2020-10-101010110002/css/application.css HTTP/1.1" 404 1839
[23.10.2020 12:18:11 INFO: "GET /search/?query=body HTTP/1.1" 200 6707
[23.10.2020 12:18:11 WARNING: "GET /static/2020-10-101010110002/css/application.css HTTP/1.1" 404 1839
[23.10.2020 12:18:35 INFO: "GET /search/?query=body HTTP/1.1" 200 6707
[23.10.2020 12:18:36 WARNING: "GET /static/2020-10-101010110002/css/application.css HTTP/1.1" 404 1839
[23.10.2020 12:18:38 INFO: "GET /search/?query=body HTTP/1.1" 200 6707
[23.10.2020 12:18:38 WARNING: "GET /static/2020-10-101010110002/css/application.css HTTP/1.1" 404 1839
[23.10.2020 12:18:45 INFO: "GET /search/?query=test HTTP/1.1" 200 6707
[23.10.2020 12:18:45 WARNING: "GET /static/2020-10-101010110002/css/application.css HTTP/1.1" 404 1839
[23.10.2020 12:18:50 INFO: "GET /search/?query=category HTTP/1.1" 200 6711
[23.10.2020 12:18:50 WARNING: "GET /static/2020-10-101010110002/css/application.css HTTP/1.1" 404 1839
[23.10.2020 12:19:05 INFO: "GET /cms/pages/search/?q=test HTTP/1.1" 200 102375
[23.10.2020 12:19:09 INFO: "GET /cms/pages/search/?q=body HTTP/1.1" 200 102375
[23.10.2020 12:19:15 INFO: "GET /cms/pages/search/?q=body HTTP/1.1" 200 102375
[23.10.2020 12:19:17 INFO: "GET /cms/pages/search/?q= HTTP/1.1" 200 117876
[23.10.2020 12:19:19 INFO: "GET /cms/pages/search/?q=fir HTTP/1.1" 200 6729
[23.10.2020 12:19:19 INFO: "GET /cms/pages/search/?q=first HTTP/1.1" 200 108412
[23.10.2020 12:19:25 INFO: "GET /cms/pages/search/?q=first HTTP/1.1" 200 108412
[23.10.2020 12:23:52 INFO: "GET /search/?query=category HTTP/1.1" 200 6711
[23.10.2020 12:23:52 WARNING: "GET /static/2020-10-101010110002/css/application.css HTTP/1.1" 404 1839
[23.10.2020 12:24:08 INFO: "GET /cms/pages/search/?q=ty HTTP/1.1" 200 699
[23.10.2020 12:24:09 INFO: "GET /cms/pages/search/?q= HTTP/1.1" 200 16064
[23.10.2020 12:24:09 INFO: "GET /cms/pages/search/?q=Ty HTTP/1.1" 200 699
[23.10.2020 12:24:09 INFO: "GET /cms/pages/search/?q=Type HTTP/1.1" 200 709
[23.10.2020 12:24:12 INFO: "GET /cms/pages/search/?q=T HTTP/1.1" 200 12905
[23.10.2020 12:24:12 INFO: "GET /cms/pages/search/?q= HTTP/1.1" 200 16064
[23.10.2020 12:24:21 INFO: "GET /cms/pages/search/?q=Fi HTTP/1.1" 200 6722
[23.10.2020 12:24:22 INFO: "GET /cms/pages/search/?q=Firs HTTP/1.1" 200 6738
[23.10.2020 12:24:22 INFO: "GET /cms/pages/search/?q=Firs HTTP/1.1" 200 6738
[23.10.2020 12:24:22 INFO: "GET /cms/pages/search/?q=First HTTP/1.1" 200 6746
[23.10.2020 12:24:23 INFO: "GET /cms/pages/search/?q=F HTTP/1.1" 200 6714
[23.10.2020 12:24:24 INFO: "GET /cms/pages/search/?q=F HTTP/1.1" 200 6714
[23.10.2020 12:24:24 INFO: "GET /cms/pages/search/?q= HTTP/1.1" 200 16064
[23.10.2020 12:24:28 INFO: "GET /cms/pages/search/?q=ca HTTP/1.1" 200 699
[23.10.2020 12:24:29 INFO: "GET /cms/pages/search/?q=cat HTTP/1.1" 200 704
[23.10.2020 12:24:29 INFO: "GET /cms/pages/search/?q=cate HTTP/1.1" 200 709
[23.10.2020 12:24:30 INFO: "GET /cms/pages/search/?q=category HTTP/1.1" 200 729
[23.10.2020 12:24:32 INFO: "GET /cms/pages/search/?q= HTTP/1.1" 200 16064
[23.10.2020 12:28:54 INFO: "GET /search/?query=category HTTP/1.1" 200 6711
[23.10.2020 12:28:54 WARNING: "GET /static/2020-10-101010110002/css/application.css HTTP/1.1" 404 1839
[23.10.2020 12:29:48 INFO: "GET / HTTP/1.1" 200 9234
[23.10.2020 12:29:49 WARNING: "GET /static/2020-10-101010110002/css/application.css HTTP/1.1" 404 1839
[23.10.2020 12:29:52 INFO: "GET /None?tag=Check HTTP/1.1" 301 0
[23.10.2020 12:29:52 WARNING: "GET /None/?tag=Check HTTP/1.1" 404 1701
[23.10.2020 12:29:57 INFO: "GET /cms/api/main/pages/?child_of=1&for_explorer=1 HTTP/1.1" 200 986
[23.10.2020 12:29:58 INFO: "GET /cms/pages/3/ HTTP/1.1" 200 110913
[23.10.2020 12:30:03 INFO: "GET /cms/pages/3/add_subpage/ HTTP/1.1" 302 0
[23.10.2020 12:30:03 INFO: "GET /cms/pages/add/content/contenttagindexpage/3/ HTTP/1.1" 200 113761
[23.10.2020 12:30:12 INFO: "POST /cms/pages/add/content/contenttagindexpage/3/ HTTP/1.1" 302 0
[23.10.2020 12:30:13 INFO: "GET /cms/pages/3/ HTTP/1.1" 200 115202
[23.10.2020 12:30:14 INFO: "GET / HTTP/1.1" 200 9236
[23.10.2020 12:30:15 WARNING: "GET /static/2020-10-101010110002/css/application.css HTTP/1.1" 404 1839
[23.10.2020 12:30:16 INFO: "GET /tags/?tag=Check HTTP/1.1" 200 6173
[23.10.2020 12:30:16 WARNING: "GET /static/2020-10-101010110002/css/application.css HTTP/1.1" 404 1839
[23.10.2020 12:47:18 INFO: "GET /cms/pages/search/?q=cgec HTTP/1.1" 302 0
[23.10.2020 12:47:18 INFO: "GET /cms/login/?next=/cms/pages/search/%3Fq%3Dcgec HTTP/1.1" 200 95196
[23.10.2020 12:47:22 INFO: "POST /cms/login/ HTTP/1.1" 302 0
[23.10.2020 12:47:23 INFO: "GET /cms/pages/search/?q=cgec HTTP/1.1" 200 102375
[23.10.2020 12:47:26 INFO: "GET /cms/pages/search/?q=cgec HTTP/1.1" 200 102375
[23.10.2020 12:47:45 INFO: "GET /tags/?tag=Check HTTP/1.1" 200 6173
[23.10.2020 12:47:46 WARNING: "GET /static/2020-10-101010110002/css/application.css HTTP/1.1" 404 1839
[23.10.2020 12:47:50 INFO: "GET /cms/pages/search/?q=cgec HTTP/1.1" 200 102375
[23.10.2020 12:48:05 INFO: "GET /search/?query=check HTTP/1.1" 200 6708
[23.10.2020 12:48:05 WARNING: "GET /static/2020-10-101010110002/css/application.css HTTP/1.1" 404 1839
[23.10.2020 12:48:17 INFO: "GET /cms/pages/search/?q=cgec HTTP/1.1" 200 102375
[23.10.2020 13:00:19 INFO: "GET /search/?query=check HTTP/1.1" 302 0
[23.10.2020 13:00:20 INFO: "GET /login/?next=/search/%3Fquery%3Dcheck HTTP/1.1" 200 95088
[23.10.2020 13:00:24 INFO: "POST /login/ HTTP/1.1" 302 0
[23.10.2020 13:00:25 INFO: "GET / HTTP/1.1" 200 9236
[23.10.2020 13:00:25 WARNING: "GET /static/2020-10-101010110002/css/application.css HTTP/1.1" 404 1839
[23.10.2020 13:00:29 INFO: "GET /search/?query=home HTTP/1.1" 200 7437
[23.10.2020 13:00:29 WARNING: "GET /static/2020-10-101010110002/css/application.css HTTP/1.1" 404 1839
[23.10.2020 13:41:37 INFO: "GET /search/?query=home HTTP/1.1" 302 0
[23.10.2020 13:41:37 INFO: "GET /login/?next=/search/%3Fquery%3Dhome HTTP/1.1" 200 95088
[23.10.2020 13:41:38 INFO: "GET /static/2020-10-101010110002/wagtailadmin/js/vendor/modernizr-2.6.2.min.js?v=49f3d1ce HTTP/1.1" 304 0
[23.10.2020 13:41:38 INFO: "GET /static/2020-10-101010110002/wagtailadmin/css/normalize.css?v=49f3d1ce HTTP/1.1" 304 0
[23.10.2020 13:41:38 INFO: "GET /static/2020-10-101010110002/wagtailadmin/css/vendor/jquery-ui/jquery-ui-1.10.3.verdant.css?v=49f3d1ce HTTP/1.1" 304 0
[23.10.2020 13:41:41 INFO: "GET /static/2020-10-101010110002/wagtailadmin/css/vendor/jquery.tagit.css?v=49f3d1ce HTTP/1.1" 304 0
[23.10.2020 13:41:44 INFO: "GET /static/2020-10-101010110002/wagtailadmin/css/layouts/login.css?v=49f3d1ce HTTP/1.1" 304 0
[23.10.2020 13:41:44 INFO: "GET /static/2020-10-101010110002/wagtailadmin/css/core.css?v=49f3d1ce HTTP/1.1" 304 0
[23.10.2020 13:41:44 INFO: "GET /static/2020-10-101010110002/wagtailadmin/js/vendor/jquery-3.5.1.min.js?v=49f3d1ce HTTP/1.1" 304 0
[23.10.2020 13:41:46 INFO: "GET /static/2020-10-101010110002/wagtailadmin/js/vendor/jquery.datetimepicker.js?v=49f3d1ce HTTP/1.1" 304 0
[23.10.2020 13:41:46 INFO: "GET /static/2020-10-101010110002/wagtailadmin/js/vendor/jquery.autosize.js?v=49f3d1ce HTTP/1.1" 304 0
[23.10.2020 13:41:47 INFO: "GET /static/2020-10-101010110002/wagtailadmin/js/vendor/jquery-ui-1.12.1.min.js?v=49f3d1ce HTTP/1.1" 304 0
[23.10.2020 13:41:53 INFO: "GET /static/2020-10-101010110002/wagtailadmin/js/vendor/bootstrap-tab.js?v=49f3d1ce HTTP/1.1" 304 0
[23.10.2020 13:41:53 INFO: "GET /static/2020-10-101010110002/wagtailadmin/js/vendor/bootstrap-transition.js?v=49f3d1ce HTTP/1.1" 304 0
[23.10.2020 13:41:53 INFO: "GET /static/2020-10-101010110002/wagtailadmin/js/vendor/bootstrap-modal.js?v=49f3d1ce HTTP/1.1" 304 0
[23.10.2020 13:41:53 INFO: "GET /static/2020-10-101010110002/wagtailadmin/js/vendor/tag-it.js?v=49f3d1ce HTTP/1.1" 304 0
[23.10.2020 13:41:53 INFO: "GET /static/2020-10-101010110002/wagtailadmin/js/core.js?v=49f3d1ce HTTP/1.1" 304 0
[23.10.2020 13:41:53 INFO: "GET /static/2020-10-101010110002/wagtailadmin/js/vendor.js?v=49f3d1ce HTTP/1.1" 304 0
[23.10.2020 13:41:53 INFO: "GET /static/2020-10-101010110002/wagtailadmin/js/wagtailadmin.js?v=49f3d1ce HTTP/1.1" 304 0
[23.10.2020 13:41:54 INFO: "GET /static/2020-10-101010110002/wagtailadmin/fonts/opensans-regular.woff2 HTTP/1.1" 304 0
[23.10.2020 13:41:54 INFO: "GET /static/2020-10-101010110002/wagtailadmin/fonts/opensans-light.woff2 HTTP/1.1" 304 0
[23.10.2020 13:41:54 INFO: "GET /static/2020-10-101010110002/wagtailadmin/fonts/wagtail.woff HTTP/1.1" 304 0
[23.10.2020 16:17:46 INFO: "GET / HTTP/1.1" 200 9248
[23.10.2020 16:17:47 WARNING: "GET /static/2020-10-101010110002/css/application.css HTTP/1.1" 404 1839
[23.10.2020 16:17:48 INFO: "GET /login/?next=/search/%3Fquery%3Dhome HTTP/1.1" 200 95088
[23.10.2020 16:17:48 INFO: "GET /static/2020-10-101010110002/wagtailadmin/css/normalize.css?v=49f3d1ce HTTP/1.1" 304 0
[23.10.2020 16:17:48 INFO: "GET /static/2020-10-101010110002/wagtailadmin/js/vendor/modernizr-2.6.2.min.js?v=49f3d1ce HTTP/1.1" 304 0
[23.10.2020 16:17:48 INFO: "GET /static/2020-10-101010110002/wagtailadmin/css/vendor/jquery-ui/jquery-ui-1.10.3.verdant.css?v=49f3d1ce HTTP/1.1" 304 0
[23.10.2020 16:17:48 INFO: "GET /static/2020-10-101010110002/wagtailadmin/css/vendor/jquery.tagit.css?v=49f3d1ce HTTP/1.1" 304 0
[23.10.2020 16:17:48 INFO: "GET /static/2020-10-101010110002/wagtailadmin/css/core.css?v=49f3d1ce HTTP/1.1" 304 0
[23.10.2020 16:17:48 INFO: "GET /static/2020-10-101010110002/wagtailadmin/css/layouts/login.css?v=49f3d1ce HTTP/1.1" 304 0
[23.10.2020 16:17:48 INFO: "GET /static/2020-10-101010110002/wagtailadmin/js/vendor/jquery-ui-1.12.1.min.js?v=49f3d1ce HTTP/1.1" 304 0
[23.10.2020 16:17:48 INFO: "GET /static/2020-10-101010110002/wagtailadmin/js/vendor/jquery-3.5.1.min.js?v=49f3d1ce HTTP/1.1" 304 0
[23.10.2020 16:17:48 INFO: "GET /static/2020-10-101010110002/wagtailadmin/js/vendor/bootstrap-transition.js?v=49f3d1ce HTTP/1.1" 304 0
[23.10.2020 16:17:48 INFO: "GET /static/2020-10-101010110002/wagtailadmin/js/vendor/jquery.datetimepicker.js?v=49f3d1ce HTTP/1.1" 304 0
[23.10.2020 16:17:48 INFO: "GET /static/2020-10-101010110002/wagtailadmin/js/vendor/jquery.autosize.js?v=49f3d1ce HTTP/1.1" 304 0
[23.10.2020 16:17:48 INFO: "GET /static/2020-10-101010110002/wagtailadmin/js/vendor/bootstrap-modal.js?v=49f3d1ce HTTP/1.1" 304 0
[23.10.2020 16:17:48 INFO: "GET /static/2020-10-101010110002/wagtailadmin/js/vendor/bootstrap-tab.js?v=49f3d1ce HTTP/1.1" 304 0
[23.10.2020 16:17:48 INFO: "GET /static/2020-10-101010110002/wagtailadmin/js/vendor.js?v=49f3d1ce HTTP/1.1" 304 0
[23.10.2020 16:17:48 INFO: "GET /static/2020-10-101010110002/wagtailadmin/js/vendor/tag-it.js?v=49f3d1ce HTTP/1.1" 304 0
[23.10.2020 16:17:48 INFO: "GET /static/2020-10-101010110002/wagtailadmin/js/core.js?v=49f3d1ce HTTP/1.1" 304 0
[23.10.2020 16:17:48 INFO: "GET /static/2020-10-101010110002/wagtailadmin/js/wagtailadmin.js?v=49f3d1ce HTTP/1.1" 304 0
[23.10.2020 16:17:53 INFO: "POST /login/ HTTP/1.1" 302 0
[23.10.2020 16:17:54 INFO: "GET / HTTP/1.1" 200 9236
[23.10.2020 16:17:54 WARNING: "GET /static/2020-10-101010110002/css/application.css HTTP/1.1" 404 1839
[23.10.2020 16:17:58 INFO: "GET /tags/?tag=Check HTTP/1.1" 200 6173
[23.10.2020 16:17:58 WARNING: "GET /static/2020-10-101010110002/css/application.css HTTP/1.1" 404 1839
[23.10.2020 16:22:35 INFO: "GET /search/?query=body HTTP/1.1" 200 6707
[23.10.2020 16:22:35 WARNING: "GET /static/2020-10-101010110002/css/application.css HTTP/1.1" 404 1839
